[0.058s] DEBUG:colcon:Command line arguments: ['/usr/bin/colcon', 'build', '--symlink-install', '--packages-select', 'data_msgs', 'pika_custom_tools', '--build-base', 'build_new', '--install-base', 'install_new']
[0.058s] DEBUG:colcon:Parsed command line arguments: Namespace(log_base=None, log_level=None, verb_name='build', build_base='/root/pika_ros/build_new', install_base='/root/pika_ros/install_new', merge_install=False, symlink_install=True, test_result_base=None, continue_on_error=False, executor='parallel', parallel_workers=24, event_handlers=None, ignore_user_meta=False, metas=['./colcon.meta'], base_paths=['.'], packages_ignore=None, packages_ignore_regex=None, paths=None, packages_up_to=None, packages_up_to_regex=None, packages_above=None, packages_above_and_dependencies=None, packages_above_depth=None, packages_select_by_dep=None, packages_skip_by_dep=None, packages_skip_up_to=None, packages_select_build_failed=False, packages_skip_build_finished=False, packages_select_test_failures=False, packages_skip_test_passed=False, packages_select=['data_msgs', 'pika_custom_tools'], packages_skip=None, packages_select_regex=None, packages_skip_regex=None, packages_start=None, packages_end=None, cmake_args=None, cmake_target=None, cmake_target_skip_unavailable=False, cmake_clean_cache=False, cmake_clean_first=False, cmake_force_configure=False, ament_cmake_args=None, catkin_cmake_args=None, catkin_skip_building_tests=False, mixin_files=None, mixin=None, verb_parser=<colcon_mixin.mixin.mixin_argument.MixinArgumentDecorator object at 0x79e18bfaafe0>, verb_extension=<colcon_core.verb.build.BuildVerb object at 0x79e18bfaa140>, main=<bound method BuildVerb.main of <colcon_core.verb.build.BuildVerb object at 0x79e18bfaa140>>, mixin_verb=('build',))
[0.113s] Level 1:colcon.colcon_core.package_discovery:discover_packages(colcon_meta) check parameters
[0.113s] INFO:colcon.colcon_metadata.package_discovery.colcon_meta:Using configuration from '/root/.colcon/metadata/default/Gazebo.meta'
[0.113s] INFO:colcon.colcon_metadata.package_discovery.colcon_meta:Using configuration from '/root/.colcon/metadata/default/fastdds.meta'
[0.114s] INFO:colcon.colcon_metadata.package_discovery.colcon_meta:Using configuration from '/root/.colcon/metadata/default/fastrtps.meta'
[0.114s] Level 1:colcon.colcon_core.package_discovery:discover_packages(recursive) check parameters
[0.114s] Level 1:colcon.colcon_core.package_discovery:discover_packages(ignore) check parameters
[0.114s] Level 1:colcon.colcon_core.package_discovery:discover_packages(path) check parameters
[0.114s] Level 1:colcon.colcon_core.package_discovery:discover_packages(colcon_meta) discover
[0.114s] Level 1:colcon.colcon_core.package_discovery:discover_packages(recursive) discover
[0.114s] INFO:colcon.colcon_core.package_discovery:Crawling recursively for packages in '/root/pika_ros'
[0.114s] Level 1:colcon.colcon_core.package_identification:_identify(.) by extensions ['ignore', 'ignore_ament_install']
[0.114s] Level 1:colcon.colcon_core.package_identification:_identify(.) by extension 'ignore'
[0.114s] Level 1:colcon.colcon_core.package_identification:_identify(.) by extension 'ignore_ament_install'
[0.114s] Level 1:colcon.colcon_core.package_identification:_identify(.) by extensions ['colcon_pkg']
[0.114s] Level 1:colcon.colcon_core.package_identification:_identify(.) by extension 'colcon_pkg'
[0.114s] Level 1:colcon.colcon_core.package_identification:_identify(.) by extensions ['colcon_meta']
[0.114s] Level 1:colcon.colcon_core.package_identification:_identify(.) by extension 'colcon_meta'
[0.114s] Level 1:colcon.colcon_core.package_identification:_identify(.) by extensions ['ros']
[0.114s] Level 1:colcon.colcon_core.package_identification:_identify(.) by extension 'ros'
[0.120s] Level 1:colcon.colcon_core.package_identification:_identify(.) by extensions ['cmake', 'python']
[0.120s] Level 1:colcon.colcon_core.package_identification:_identify(.) by extension 'cmake'
[0.120s] Level 1:colcon.colcon_core.package_identification:_identify(.) by extension 'python'
[0.120s] Level 1:colcon.colcon_core.package_identification:_identify(.) by extensions ['python_setup_py']
[0.120s] Level 1:colcon.colcon_core.package_identification:_identify(.) by extension 'python_setup_py'
[0.120s] Level 1:colcon.colcon_core.package_identification:_identify(build) by extensions ['ignore', 'ignore_ament_install']
[0.120s] Level 1:colcon.colcon_core.package_identification:_identify(build) by extension 'ignore'
[0.120s] Level 1:colcon.colcon_core.package_identification:_identify(build) ignored
[0.120s] Level 1:colcon.colcon_core.package_identification:_identify(build_new) by extensions ['ignore', 'ignore_ament_install']
[0.120s] Level 1:colcon.colcon_core.package_identification:_identify(build_new) by extension 'ignore'
[0.120s] Level 1:colcon.colcon_core.package_identification:_identify(build_new) ignored
[0.120s] Level 1:colcon.colcon_core.package_identification:_identify(img) by extensions ['ignore', 'ignore_ament_install']
[0.120s] Level 1:colcon.colcon_core.package_identification:_identify(img) by extension 'ignore'
[0.120s] Level 1:colcon.colcon_core.package_identification:_identify(img) by extension 'ignore_ament_install'
[0.120s] Level 1:colcon.colcon_core.package_identification:_identify(img) by extensions ['colcon_pkg']
[0.120s] Level 1:colcon.colcon_core.package_identification:_identify(img) by extension 'colcon_pkg'
[0.120s] Level 1:colcon.colcon_core.package_identification:_identify(img) by extensions ['colcon_meta']
[0.120s] Level 1:colcon.colcon_core.package_identification:_identify(img) by extension 'colcon_meta'
[0.121s] Level 1:colcon.colcon_core.package_identification:_identify(img) by extensions ['ros']
[0.121s] Level 1:colcon.colcon_core.package_identification:_identify(img) by extension 'ros'
[0.121s] Level 1:colcon.colcon_core.package_identification:_identify(img) by extensions ['cmake', 'python']
[0.121s] Level 1:colcon.colcon_core.package_identification:_identify(img) by extension 'cmake'
[0.121s] Level 1:colcon.colcon_core.package_identification:_identify(img) by extension 'python'
[0.121s] Level 1:colcon.colcon_core.package_identification:_identify(img) by extensions ['python_setup_py']
[0.121s] Level 1:colcon.colcon_core.package_identification:_identify(img) by extension 'python_setup_py'
[0.121s] Level 1:colcon.colcon_core.package_identification:_identify(install) by extensions ['ignore', 'ignore_ament_install']
[0.121s] Level 1:colcon.colcon_core.package_identification:_identify(install) by extension 'ignore'
[0.121s] Level 1:colcon.colcon_core.package_identification:_identify(install) ignored
[0.121s] Level 1:colcon.colcon_core.package_identification:_identify(install_new) by extensions ['ignore', 'ignore_ament_install']
[0.121s] Level 1:colcon.colcon_core.package_identification:_identify(install_new) by extension 'ignore'
[0.121s] Level 1:colcon.colcon_core.package_identification:_identify(install_new) ignored
[0.121s] Level 1:colcon.colcon_core.package_identification:_identify(log) by extensions ['ignore', 'ignore_ament_install']
[0.121s] Level 1:colcon.colcon_core.package_identification:_identify(log) by extension 'ignore'
[0.121s] Level 1:colcon.colcon_core.package_identification:_identify(log) ignored
[0.121s] Level 1:colcon.colcon_core.package_identification:_identify(scripts) by extensions ['ignore', 'ignore_ament_install']
[0.121s] Level 1:colcon.colcon_core.package_identification:_identify(scripts) by extension 'ignore'
[0.121s] Level 1:colcon.colcon_core.package_identification:_identify(scripts) by extension 'ignore_ament_install'
[0.121s] Level 1:colcon.colcon_core.package_identification:_identify(scripts) by extensions ['colcon_pkg']
[0.121s] Level 1:colcon.colcon_core.package_identification:_identify(scripts) by extension 'colcon_pkg'
[0.121s] Level 1:colcon.colcon_core.package_identification:_identify(scripts) by extensions ['colcon_meta']
[0.121s] Level 1:colcon.colcon_core.package_identification:_identify(scripts) by extension 'colcon_meta'
[0.121s] Level 1:colcon.colcon_core.package_identification:_identify(scripts) by extensions ['ros']
[0.121s] Level 1:colcon.colcon_core.package_identification:_identify(scripts) by extension 'ros'
[0.121s] Level 1:colcon.colcon_core.package_identification:_identify(scripts) by extensions ['cmake', 'python']
[0.121s] Level 1:colcon.colcon_core.package_identification:_identify(scripts) by extension 'cmake'
[0.121s] Level 1:colcon.colcon_core.package_identification:_identify(scripts) by extension 'python'
[0.121s] Level 1:colcon.colcon_core.package_identification:_identify(scripts) by extensions ['python_setup_py']
[0.121s] Level 1:colcon.colcon_core.package_identification:_identify(scripts) by extension 'python_setup_py'
[0.121s] Level 1:colcon.colcon_core.package_identification:_identify(source) by extensions ['ignore', 'ignore_ament_install']
[0.121s] Level 1:colcon.colcon_core.package_identification:_identify(source) by extension 'ignore'
[0.122s] Level 1:colcon.colcon_core.package_identification:_identify(source) by extension 'ignore_ament_install'
[0.122s] Level 1:colcon.colcon_core.package_identification:_identify(source) by extensions ['colcon_pkg']
[0.122s] Level 1:colcon.colcon_core.package_identification:_identify(source) by extension 'colcon_pkg'
[0.122s] Level 1:colcon.colcon_core.package_identification:_identify(source) by extensions ['colcon_meta']
[0.122s] Level 1:colcon.colcon_core.package_identification:_identify(source) by extension 'colcon_meta'
[0.122s] Level 1:colcon.colcon_core.package_identification:_identify(source) by extensions ['ros']
[0.122s] Level 1:colcon.colcon_core.package_identification:_identify(source) by extension 'ros'
[0.122s] Level 1:colcon.colcon_core.package_identification:_identify(source) by extensions ['cmake', 'python']
[0.122s] Level 1:colcon.colcon_core.package_identification:_identify(source) by extension 'cmake'
[0.122s] Level 1:colcon.colcon_core.package_identification:_identify(source) by extension 'python'
[0.122s] Level 1:colcon.colcon_core.package_identification:_identify(source) by extensions ['python_setup_py']
[0.122s] Level 1:colcon.colcon_core.package_identification:_identify(source) by extension 'python_setup_py'
[0.122s] Level 1:colcon.colcon_core.package_identification:_identify(source/install) by extensions ['ignore', 'ignore_ament_install']
[0.122s] Level 1:colcon.colcon_core.package_identification:_identify(source/install) by extension 'ignore'
[0.122s] Level 1:colcon.colcon_core.package_identification:_identify(source/install) ignored
[0.122s] Level 1:colcon.colcon_core.package_identification:_identify(src) by extensions ['ignore', 'ignore_ament_install']
[0.122s] Level 1:colcon.colcon_core.package_identification:_identify(src) by extension 'ignore'
[0.122s] Level 1:colcon.colcon_core.package_identification:_identify(src) by extension 'ignore_ament_install'
[0.122s] Level 1:colcon.colcon_core.package_identification:_identify(src) by extensions ['colcon_pkg']
[0.122s] Level 1:colcon.colcon_core.package_identification:_identify(src) by extension 'colcon_pkg'
[0.122s] Level 1:colcon.colcon_core.package_identification:_identify(src) by extensions ['colcon_meta']
[0.122s] Level 1:colcon.colcon_core.package_identification:_identify(src) by extension 'colcon_meta'
[0.122s] Level 1:colcon.colcon_core.package_identification:_identify(src) by extensions ['ros']
[0.122s] Level 1:colcon.colcon_core.package_identification:_identify(src) by extension 'ros'
[0.122s] Level 1:colcon.colcon_core.package_identification:_identify(src) by extensions ['cmake', 'python']
[0.122s] Level 1:colcon.colcon_core.package_identification:_identify(src) by extension 'cmake'
[0.122s] Level 1:colcon.colcon_core.package_identification:_identify(src) by extension 'python'
[0.122s] Level 1:colcon.colcon_core.package_identification:_identify(src) by extensions ['python_setup_py']
[0.122s] Level 1:colcon.colcon_core.package_identification:_identify(src) by extension 'python_setup_py'
[0.122s] Level 1:colcon.colcon_core.package_identification:_identify(src/PikaAnyArm) by extensions ['ignore', 'ignore_ament_install']
[0.122s] Level 1:colcon.colcon_core.package_identification:_identify(src/PikaAnyArm) by extension 'ignore'
[0.122s] Level 1:colcon.colcon_core.package_identification:_identify(src/PikaAnyArm) by extension 'ignore_ament_install'
[0.122s] Level 1:colcon.colcon_core.package_identification:_identify(src/PikaAnyArm) by extensions ['colcon_pkg']
[0.122s] Level 1:colcon.colcon_core.package_identification:_identify(src/PikaAnyArm) by extension 'colcon_pkg'
[0.122s] Level 1:colcon.colcon_core.package_identification:_identify(src/PikaAnyArm) by extensions ['colcon_meta']
[0.122s] Level 1:colcon.colcon_core.package_identification:_identify(src/PikaAnyArm) by extension 'colcon_meta'
[0.122s] Level 1:colcon.colcon_core.package_identification:_identify(src/PikaAnyArm) by extensions ['ros']
[0.122s] Level 1:colcon.colcon_core.package_identification:_identify(src/PikaAnyArm) by extension 'ros'
[0.122s] Level 1:colcon.colcon_core.package_identification:_identify(src/PikaAnyArm) by extensions ['cmake', 'python']
[0.122s] Level 1:colcon.colcon_core.package_identification:_identify(src/PikaAnyArm) by extension 'cmake'
[0.122s] Level 1:colcon.colcon_core.package_identification:_identify(src/PikaAnyArm) by extension 'python'
[0.122s] Level 1:colcon.colcon_core.package_identification:_identify(src/PikaAnyArm) by extensions ['python_setup_py']
[0.122s] Level 1:colcon.colcon_core.package_identification:_identify(src/PikaAnyArm) by extension 'python_setup_py'
[0.122s] Level 1:colcon.colcon_core.package_identification:_identify(src/PikaAnyArm/docs_img) by extensions ['ignore', 'ignore_ament_install']
[0.122s] Level 1:colcon.colcon_core.package_identification:_identify(src/PikaAnyArm/docs_img) by extension 'ignore'
[0.122s] Level 1:colcon.colcon_core.package_identification:_identify(src/PikaAnyArm/docs_img) by extension 'ignore_ament_install'
[0.122s] Level 1:colcon.colcon_core.package_identification:_identify(src/PikaAnyArm/docs_img) by extensions ['colcon_pkg']
[0.122s] Level 1:colcon.colcon_core.package_identification:_identify(src/PikaAnyArm/docs_img) by extension 'colcon_pkg'
[0.122s] Level 1:colcon.colcon_core.package_identification:_identify(src/PikaAnyArm/docs_img) by extensions ['colcon_meta']
[0.122s] Level 1:colcon.colcon_core.package_identification:_identify(src/PikaAnyArm/docs_img) by extension 'colcon_meta'
[0.122s] Level 1:colcon.colcon_core.package_identification:_identify(src/PikaAnyArm/docs_img) by extensions ['ros']
[0.122s] Level 1:colcon.colcon_core.package_identification:_identify(src/PikaAnyArm/docs_img) by extension 'ros'
[0.122s] Level 1:colcon.colcon_core.package_identification:_identify(src/PikaAnyArm/docs_img) by extensions ['cmake', 'python']
[0.122s] Level 1:colcon.colcon_core.package_identification:_identify(src/PikaAnyArm/docs_img) by extension 'cmake'
[0.122s] Level 1:colcon.colcon_core.package_identification:_identify(src/PikaAnyArm/docs_img) by extension 'python'
[0.123s] Level 1:colcon.colcon_core.package_identification:_identify(src/PikaAnyArm/docs_img) by extensions ['python_setup_py']
[0.123s] Level 1:colcon.colcon_core.package_identification:_identify(src/PikaAnyArm/docs_img) by extension 'python_setup_py'
[0.123s] Level 1:colcon.colcon_core.package_identification:_identify(src/PikaAnyArm/piper) by extensions ['ignore', 'ignore_ament_install']
[0.123s] Level 1:colcon.colcon_core.package_identification:_identify(src/PikaAnyArm/piper) by extension 'ignore'
[0.123s] Level 1:colcon.colcon_core.package_identification:_identify(src/PikaAnyArm/piper) by extension 'ignore_ament_install'
[0.123s] Level 1:colcon.colcon_core.package_identification:_identify(src/PikaAnyArm/piper) by extensions ['colcon_pkg']
[0.123s] Level 1:colcon.colcon_core.package_identification:_identify(src/PikaAnyArm/piper) by extension 'colcon_pkg'
[0.123s] Level 1:colcon.colcon_core.package_identification:_identify(src/PikaAnyArm/piper) by extensions ['colcon_meta']
[0.123s] Level 1:colcon.colcon_core.package_identification:_identify(src/PikaAnyArm/piper) by extension 'colcon_meta'
[0.123s] Level 1:colcon.colcon_core.package_identification:_identify(src/PikaAnyArm/piper) by extensions ['ros']
[0.123s] Level 1:colcon.colcon_core.package_identification:_identify(src/PikaAnyArm/piper) by extension 'ros'
[0.123s] Level 1:colcon.colcon_core.package_identification:_identify(src/PikaAnyArm/piper) by extensions ['cmake', 'python']
[0.123s] Level 1:colcon.colcon_core.package_identification:_identify(src/PikaAnyArm/piper) by extension 'cmake'
[0.123s] Level 1:colcon.colcon_core.package_identification:_identify(src/PikaAnyArm/piper) by extension 'python'
[0.123s] Level 1:colcon.colcon_core.package_identification:_identify(src/PikaAnyArm/piper) by extensions ['python_setup_py']
[0.123s] Level 1:colcon.colcon_core.package_identification:_identify(src/PikaAnyArm/piper) by extension 'python_setup_py'
[0.123s] Level 1:colcon.colcon_core.package_identification:_identify(src/PikaAnyArm/piper/pika_remote_piper) by extensions ['ignore', 'ignore_ament_install']
[0.123s] Level 1:colcon.colcon_core.package_identification:_identify(src/PikaAnyArm/piper/pika_remote_piper) by extension 'ignore'
[0.123s] Level 1:colcon.colcon_core.package_identification:_identify(src/PikaAnyArm/piper/pika_remote_piper) by extension 'ignore_ament_install'
[0.123s] Level 1:colcon.colcon_core.package_identification:_identify(src/PikaAnyArm/piper/pika_remote_piper) by extensions ['colcon_pkg']
[0.123s] Level 1:colcon.colcon_core.package_identification:_identify(src/PikaAnyArm/piper/pika_remote_piper) by extension 'colcon_pkg'
[0.123s] Level 1:colcon.colcon_core.package_identification:_identify(src/PikaAnyArm/piper/pika_remote_piper) by extensions ['colcon_meta']
[0.123s] Level 1:colcon.colcon_core.package_identification:_identify(src/PikaAnyArm/piper/pika_remote_piper) by extension 'colcon_meta'
[0.123s] Level 1:colcon.colcon_core.package_identification:_identify(src/PikaAnyArm/piper/pika_remote_piper) by extensions ['ros']
[0.123s] Level 1:colcon.colcon_core.package_identification:_identify(src/PikaAnyArm/piper/pika_remote_piper) by extension 'ros'
[0.125s] DEBUG:colcon.colcon_core.package_identification:Package 'src/PikaAnyArm/piper/pika_remote_piper' with type 'ros.ament_cmake' and name 'pika_remote_piper'
[0.125s] Level 1:colcon.colcon_core.package_identification:_identify(src/PikaAnyArm/piper/piper_ros) by extensions ['ignore', 'ignore_ament_install']
[0.125s] Level 1:colcon.colcon_core.package_identification:_identify(src/PikaAnyArm/piper/piper_ros) by extension 'ignore'
[0.125s] Level 1:colcon.colcon_core.package_identification:_identify(src/PikaAnyArm/piper/piper_ros) by extension 'ignore_ament_install'
[0.125s] Level 1:colcon.colcon_core.package_identification:_identify(src/PikaAnyArm/piper/piper_ros) by extensions ['colcon_pkg']
[0.125s] Level 1:colcon.colcon_core.package_identification:_identify(src/PikaAnyArm/piper/piper_ros) by extension 'colcon_pkg'
[0.125s] Level 1:colcon.colcon_core.package_identification:_identify(src/PikaAnyArm/piper/piper_ros) by extensions ['colcon_meta']
[0.125s] Level 1:colcon.colcon_core.package_identification:_identify(src/PikaAnyArm/piper/piper_ros) by extension 'colcon_meta'
[0.125s] Level 1:colcon.colcon_core.package_identification:_identify(src/PikaAnyArm/piper/piper_ros) by extensions ['ros']
[0.125s] Level 1:colcon.colcon_core.package_identification:_identify(src/PikaAnyArm/piper/piper_ros) by extension 'ros'
[0.125s] Level 1:colcon.colcon_core.package_identification:_identify(src/PikaAnyArm/piper/piper_ros) by extensions ['cmake', 'python']
[0.125s] Level 1:colcon.colcon_core.package_identification:_identify(src/PikaAnyArm/piper/piper_ros) by extension 'cmake'
[0.125s] Level 1:colcon.colcon_core.package_identification:_identify(src/PikaAnyArm/piper/piper_ros) by extension 'python'
[0.125s] Level 1:colcon.colcon_core.package_identification:_identify(src/PikaAnyArm/piper/piper_ros) by extensions ['python_setup_py']
[0.125s] Level 1:colcon.colcon_core.package_identification:_identify(src/PikaAnyArm/piper/piper_ros) by extension 'python_setup_py'
[0.125s] Level 1:colcon.colcon_core.package_identification:_identify(src/PikaAnyArm/piper/piper_ros/asserts) by extensions ['ignore', 'ignore_ament_install']
[0.125s] Level 1:colcon.colcon_core.package_identification:_identify(src/PikaAnyArm/piper/piper_ros/asserts) by extension 'ignore'
[0.125s] Level 1:colcon.colcon_core.package_identification:_identify(src/PikaAnyArm/piper/piper_ros/asserts) by extension 'ignore_ament_install'
[0.125s] Level 1:colcon.colcon_core.package_identification:_identify(src/PikaAnyArm/piper/piper_ros/asserts) by extensions ['colcon_pkg']
[0.125s] Level 1:colcon.colcon_core.package_identification:_identify(src/PikaAnyArm/piper/piper_ros/asserts) by extension 'colcon_pkg'
[0.125s] Level 1:colcon.colcon_core.package_identification:_identify(src/PikaAnyArm/piper/piper_ros/asserts) by extensions ['colcon_meta']
[0.125s] Level 1:colcon.colcon_core.package_identification:_identify(src/PikaAnyArm/piper/piper_ros/asserts) by extension 'colcon_meta'
[0.125s] Level 1:colcon.colcon_core.package_identification:_identify(src/PikaAnyArm/piper/piper_ros/asserts) by extensions ['ros']
[0.125s] Level 1:colcon.colcon_core.package_identification:_identify(src/PikaAnyArm/piper/piper_ros/asserts) by extension 'ros'
[0.125s] Level 1:colcon.colcon_core.package_identification:_identify(src/PikaAnyArm/piper/piper_ros/asserts) by extensions ['cmake', 'python']
[0.125s] Level 1:colcon.colcon_core.package_identification:_identify(src/PikaAnyArm/piper/piper_ros/asserts) by extension 'cmake'
[0.125s] Level 1:colcon.colcon_core.package_identification:_identify(src/PikaAnyArm/piper/piper_ros/asserts) by extension 'python'
[0.125s] Level 1:colcon.colcon_core.package_identification:_identify(src/PikaAnyArm/piper/piper_ros/asserts) by extensions ['python_setup_py']
[0.125s] Level 1:colcon.colcon_core.package_identification:_identify(src/PikaAnyArm/piper/piper_ros/asserts) by extension 'python_setup_py'
[0.125s] Level 1:colcon.colcon_core.package_identification:_identify(src/PikaAnyArm/piper/piper_ros/asserts/pictures) by extensions ['ignore', 'ignore_ament_install']
[0.125s] Level 1:colcon.colcon_core.package_identification:_identify(src/PikaAnyArm/piper/piper_ros/asserts/pictures) by extension 'ignore'
[0.126s] Level 1:colcon.colcon_core.package_identification:_identify(src/PikaAnyArm/piper/piper_ros/asserts/pictures) by extension 'ignore_ament_install'
[0.126s] Level 1:colcon.colcon_core.package_identification:_identify(src/PikaAnyArm/piper/piper_ros/asserts/pictures) by extensions ['colcon_pkg']
[0.126s] Level 1:colcon.colcon_core.package_identification:_identify(src/PikaAnyArm/piper/piper_ros/asserts/pictures) by extension 'colcon_pkg'
[0.126s] Level 1:colcon.colcon_core.package_identification:_identify(src/PikaAnyArm/piper/piper_ros/asserts/pictures) by extensions ['colcon_meta']
[0.126s] Level 1:colcon.colcon_core.package_identification:_identify(src/PikaAnyArm/piper/piper_ros/asserts/pictures) by extension 'colcon_meta'
[0.126s] Level 1:colcon.colcon_core.package_identification:_identify(src/PikaAnyArm/piper/piper_ros/asserts/pictures) by extensions ['ros']
[0.126s] Level 1:colcon.colcon_core.package_identification:_identify(src/PikaAnyArm/piper/piper_ros/asserts/pictures) by extension 'ros'
[0.126s] Level 1:colcon.colcon_core.package_identification:_identify(src/PikaAnyArm/piper/piper_ros/asserts/pictures) by extensions ['cmake', 'python']
[0.126s] Level 1:colcon.colcon_core.package_identification:_identify(src/PikaAnyArm/piper/piper_ros/asserts/pictures) by extension 'cmake'
[0.126s] Level 1:colcon.colcon_core.package_identification:_identify(src/PikaAnyArm/piper/piper_ros/asserts/pictures) by extension 'python'
[0.126s] Level 1:colcon.colcon_core.package_identification:_identify(src/PikaAnyArm/piper/piper_ros/asserts/pictures) by extensions ['python_setup_py']
[0.126s] Level 1:colcon.colcon_core.package_identification:_identify(src/PikaAnyArm/piper/piper_ros/asserts/pictures) by extension 'python_setup_py'
[0.126s] Level 1:colcon.colcon_core.package_identification:_identify(src/PikaAnyArm/piper/piper_ros/src) by extensions ['ignore', 'ignore_ament_install']
[0.126s] Level 1:colcon.colcon_core.package_identification:_identify(src/PikaAnyArm/piper/piper_ros/src) by extension 'ignore'
[0.126s] Level 1:colcon.colcon_core.package_identification:_identify(src/PikaAnyArm/piper/piper_ros/src) by extension 'ignore_ament_install'
[0.126s] Level 1:colcon.colcon_core.package_identification:_identify(src/PikaAnyArm/piper/piper_ros/src) by extensions ['colcon_pkg']
[0.126s] Level 1:colcon.colcon_core.package_identification:_identify(src/PikaAnyArm/piper/piper_ros/src) by extension 'colcon_pkg'
[0.126s] Level 1:colcon.colcon_core.package_identification:_identify(src/PikaAnyArm/piper/piper_ros/src) by extensions ['colcon_meta']
[0.126s] Level 1:colcon.colcon_core.package_identification:_identify(src/PikaAnyArm/piper/piper_ros/src) by extension 'colcon_meta'
[0.126s] Level 1:colcon.colcon_core.package_identification:_identify(src/PikaAnyArm/piper/piper_ros/src) by extensions ['ros']
[0.126s] Level 1:colcon.colcon_core.package_identification:_identify(src/PikaAnyArm/piper/piper_ros/src) by extension 'ros'
[0.126s] Level 1:colcon.colcon_core.package_identification:_identify(src/PikaAnyArm/piper/piper_ros/src) by extensions ['cmake', 'python']
[0.126s] Level 1:colcon.colcon_core.package_identification:_identify(src/PikaAnyArm/piper/piper_ros/src) by extension 'cmake'
[0.126s] Level 1:colcon.colcon_core.package_identification:_identify(src/PikaAnyArm/piper/piper_ros/src) by extension 'python'
[0.126s] Level 1:colcon.colcon_core.package_identification:_identify(src/PikaAnyArm/piper/piper_ros/src) by extensions ['python_setup_py']
[0.126s] Level 1:colcon.colcon_core.package_identification:_identify(src/PikaAnyArm/piper/piper_ros/src) by extension 'python_setup_py'
[0.126s] Level 1:colcon.colcon_core.package_identification:_identify(src/PikaAnyArm/piper/piper_ros/src/piper) by extensions ['ignore', 'ignore_ament_install']
[0.126s] Level 1:colcon.colcon_core.package_identification:_identify(src/PikaAnyArm/piper/piper_ros/src/piper) by extension 'ignore'
[0.126s] Level 1:colcon.colcon_core.package_identification:_identify(src/PikaAnyArm/piper/piper_ros/src/piper) by extension 'ignore_ament_install'
[0.126s] Level 1:colcon.colcon_core.package_identification:_identify(src/PikaAnyArm/piper/piper_ros/src/piper) by extensions ['colcon_pkg']
[0.126s] Level 1:colcon.colcon_core.package_identification:_identify(src/PikaAnyArm/piper/piper_ros/src/piper) by extension 'colcon_pkg'
[0.126s] Level 1:colcon.colcon_core.package_identification:_identify(src/PikaAnyArm/piper/piper_ros/src/piper) by extensions ['colcon_meta']
[0.126s] Level 1:colcon.colcon_core.package_identification:_identify(src/PikaAnyArm/piper/piper_ros/src/piper) by extension 'colcon_meta'
[0.126s] Level 1:colcon.colcon_core.package_identification:_identify(src/PikaAnyArm/piper/piper_ros/src/piper) by extensions ['ros']
[0.126s] Level 1:colcon.colcon_core.package_identification:_identify(src/PikaAnyArm/piper/piper_ros/src/piper) by extension 'ros'
[0.126s] DEBUG:colcon.colcon_core.package_identification:Package 'src/PikaAnyArm/piper/piper_ros/src/piper' with type 'ros.ament_python' and name 'piper'
[0.126s] Level 1:colcon.colcon_core.package_identification:_identify(src/PikaAnyArm/piper/piper_ros/src/piper_description) by extensions ['ignore', 'ignore_ament_install']
[0.127s] Level 1:colcon.colcon_core.package_identification:_identify(src/PikaAnyArm/piper/piper_ros/src/piper_description) by extension 'ignore'
[0.127s] Level 1:colcon.colcon_core.package_identification:_identify(src/PikaAnyArm/piper/piper_ros/src/piper_description) by extension 'ignore_ament_install'
[0.127s] Level 1:colcon.colcon_core.package_identification:_identify(src/PikaAnyArm/piper/piper_ros/src/piper_description) by extensions ['colcon_pkg']
[0.127s] Level 1:colcon.colcon_core.package_identification:_identify(src/PikaAnyArm/piper/piper_ros/src/piper_description) by extension 'colcon_pkg'
[0.127s] Level 1:colcon.colcon_core.package_identification:_identify(src/PikaAnyArm/piper/piper_ros/src/piper_description) by extensions ['colcon_meta']
[0.127s] Level 1:colcon.colcon_core.package_identification:_identify(src/PikaAnyArm/piper/piper_ros/src/piper_description) by extension 'colcon_meta'
[0.127s] Level 1:colcon.colcon_core.package_identification:_identify(src/PikaAnyArm/piper/piper_ros/src/piper_description) by extensions ['ros']
[0.127s] Level 1:colcon.colcon_core.package_identification:_identify(src/PikaAnyArm/piper/piper_ros/src/piper_description) by extension 'ros'
[0.127s] DEBUG:colcon.colcon_core.package_identification:Package 'src/PikaAnyArm/piper/piper_ros/src/piper_description' with type 'ros.ament_cmake' and name 'piper_description'
[0.127s] Level 1:colcon.colcon_core.package_identification:_identify(src/PikaAnyArm/piper/piper_ros/src/piper_msgs) by extensions ['ignore', 'ignore_ament_install']
[0.127s] Level 1:colcon.colcon_core.package_identification:_identify(src/PikaAnyArm/piper/piper_ros/src/piper_msgs) by extension 'ignore'
[0.127s] Level 1:colcon.colcon_core.package_identification:_identify(src/PikaAnyArm/piper/piper_ros/src/piper_msgs) by extension 'ignore_ament_install'
[0.127s] Level 1:colcon.colcon_core.package_identification:_identify(src/PikaAnyArm/piper/piper_ros/src/piper_msgs) by extensions ['colcon_pkg']
[0.127s] Level 1:colcon.colcon_core.package_identification:_identify(src/PikaAnyArm/piper/piper_ros/src/piper_msgs) by extension 'colcon_pkg'
[0.127s] Level 1:colcon.colcon_core.package_identification:_identify(src/PikaAnyArm/piper/piper_ros/src/piper_msgs) by extensions ['colcon_meta']
[0.127s] Level 1:colcon.colcon_core.package_identification:_identify(src/PikaAnyArm/piper/piper_ros/src/piper_msgs) by extension 'colcon_meta'
[0.127s] Level 1:colcon.colcon_core.package_identification:_identify(src/PikaAnyArm/piper/piper_ros/src/piper_msgs) by extensions ['ros']
[0.127s] Level 1:colcon.colcon_core.package_identification:_identify(src/PikaAnyArm/piper/piper_ros/src/piper_msgs) by extension 'ros'
[0.127s] DEBUG:colcon.colcon_core.package_identification:Package 'src/PikaAnyArm/piper/piper_ros/src/piper_msgs' with type 'ros.ament_cmake' and name 'piper_msgs'
[0.127s] Level 1:colcon.colcon_core.package_identification:_identify(src/data_msgs) by extensions ['ignore', 'ignore_ament_install']
[0.127s] Level 1:colcon.colcon_core.package_identification:_identify(src/data_msgs) by extension 'ignore'
[0.127s] Level 1:colcon.colcon_core.package_identification:_identify(src/data_msgs) by extension 'ignore_ament_install'
[0.127s] Level 1:colcon.colcon_core.package_identification:_identify(src/data_msgs) by extensions ['colcon_pkg']
[0.127s] Level 1:colcon.colcon_core.package_identification:_identify(src/data_msgs) by extension 'colcon_pkg'
[0.127s] Level 1:colcon.colcon_core.package_identification:_identify(src/data_msgs) by extensions ['colcon_meta']
[0.128s] Level 1:colcon.colcon_core.package_identification:_identify(src/data_msgs) by extension 'colcon_meta'
[0.128s] Level 1:colcon.colcon_core.package_identification:_identify(src/data_msgs) by extensions ['ros']
[0.128s] Level 1:colcon.colcon_core.package_identification:_identify(src/data_msgs) by extension 'ros'
[0.128s] DEBUG:colcon.colcon_core.package_identification:Package 'src/data_msgs' with type 'ros.ament_cmake' and name 'data_msgs'
[0.128s] Level 1:colcon.colcon_core.package_identification:_identify(src/data_tools) by extensions ['ignore', 'ignore_ament_install']
[0.128s] Level 1:colcon.colcon_core.package_identification:_identify(src/data_tools) by extension 'ignore'
[0.128s] Level 1:colcon.colcon_core.package_identification:_identify(src/data_tools) by extension 'ignore_ament_install'
[0.128s] Level 1:colcon.colcon_core.package_identification:_identify(src/data_tools) by extensions ['colcon_pkg']
[0.128s] Level 1:colcon.colcon_core.package_identification:_identify(src/data_tools) by extension 'colcon_pkg'
[0.128s] Level 1:colcon.colcon_core.package_identification:_identify(src/data_tools) by extensions ['colcon_meta']
[0.128s] Level 1:colcon.colcon_core.package_identification:_identify(src/data_tools) by extension 'colcon_meta'
[0.128s] Level 1:colcon.colcon_core.package_identification:_identify(src/data_tools) by extensions ['ros']
[0.128s] Level 1:colcon.colcon_core.package_identification:_identify(src/data_tools) by extension 'ros'
[0.129s] DEBUG:colcon.colcon_core.package_identification:Package 'src/data_tools' with type 'ros.ament_cmake' and name 'data_tools'
[0.129s] Level 1:colcon.colcon_core.package_identification:_identify(src/pika_custom_tools) by extensions ['ignore', 'ignore_ament_install']
[0.129s] Level 1:colcon.colcon_core.package_identification:_identify(src/pika_custom_tools) by extension 'ignore'
[0.129s] Level 1:colcon.colcon_core.package_identification:_identify(src/pika_custom_tools) by extension 'ignore_ament_install'
[0.129s] Level 1:colcon.colcon_core.package_identification:_identify(src/pika_custom_tools) by extensions ['colcon_pkg']
[0.129s] Level 1:colcon.colcon_core.package_identification:_identify(src/pika_custom_tools) by extension 'colcon_pkg'
[0.129s] Level 1:colcon.colcon_core.package_identification:_identify(src/pika_custom_tools) by extensions ['colcon_meta']
[0.129s] Level 1:colcon.colcon_core.package_identification:_identify(src/pika_custom_tools) by extension 'colcon_meta'
[0.129s] Level 1:colcon.colcon_core.package_identification:_identify(src/pika_custom_tools) by extensions ['ros']
[0.129s] Level 1:colcon.colcon_core.package_identification:_identify(src/pika_custom_tools) by extension 'ros'
[0.129s] DEBUG:colcon.colcon_core.package_identification:Package 'src/pika_custom_tools' with type 'ros.ament_python' and name 'pika_custom_tools'
[0.129s] Level 1:colcon.colcon_core.package_identification:_identify(src/realsense-ros) by extensions ['ignore', 'ignore_ament_install']
[0.129s] Level 1:colcon.colcon_core.package_identification:_identify(src/realsense-ros) by extension 'ignore'
[0.129s] Level 1:colcon.colcon_core.package_identification:_identify(src/realsense-ros) by extension 'ignore_ament_install'
[0.129s] Level 1:colcon.colcon_core.package_identification:_identify(src/realsense-ros) by extensions ['colcon_pkg']
[0.129s] Level 1:colcon.colcon_core.package_identification:_identify(src/realsense-ros) by extension 'colcon_pkg'
[0.130s] Level 1:colcon.colcon_core.package_identification:_identify(src/realsense-ros) by extensions ['colcon_meta']
[0.130s] Level 1:colcon.colcon_core.package_identification:_identify(src/realsense-ros) by extension 'colcon_meta'
[0.130s] Level 1:colcon.colcon_core.package_identification:_identify(src/realsense-ros) by extensions ['ros']
[0.130s] Level 1:colcon.colcon_core.package_identification:_identify(src/realsense-ros) by extension 'ros'
[0.130s] Level 1:colcon.colcon_core.package_identification:_identify(src/realsense-ros) by extensions ['cmake', 'python']
[0.130s] Level 1:colcon.colcon_core.package_identification:_identify(src/realsense-ros) by extension 'cmake'
[0.130s] Level 1:colcon.colcon_core.package_identification:_identify(src/realsense-ros) by extension 'python'
[0.130s] Level 1:colcon.colcon_core.package_identification:_identify(src/realsense-ros) by extensions ['python_setup_py']
[0.130s] Level 1:colcon.colcon_core.package_identification:_identify(src/realsense-ros) by extension 'python_setup_py'
[0.130s] Level 1:colcon.colcon_core.package_identification:_identify(src/realsense-ros/realsense2_camera) by extensions ['ignore', 'ignore_ament_install']
[0.130s] Level 1:colcon.colcon_core.package_identification:_identify(src/realsense-ros/realsense2_camera) by extension 'ignore'
[0.130s] Level 1:colcon.colcon_core.package_identification:_identify(src/realsense-ros/realsense2_camera) by extension 'ignore_ament_install'
[0.130s] Level 1:colcon.colcon_core.package_identification:_identify(src/realsense-ros/realsense2_camera) by extensions ['colcon_pkg']
[0.130s] Level 1:colcon.colcon_core.package_identification:_identify(src/realsense-ros/realsense2_camera) by extension 'colcon_pkg'
[0.130s] Level 1:colcon.colcon_core.package_identification:_identify(src/realsense-ros/realsense2_camera) by extensions ['colcon_meta']
[0.130s] Level 1:colcon.colcon_core.package_identification:_identify(src/realsense-ros/realsense2_camera) by extension 'colcon_meta'
[0.130s] Level 1:colcon.colcon_core.package_identification:_identify(src/realsense-ros/realsense2_camera) by extensions ['ros']
[0.130s] Level 1:colcon.colcon_core.package_identification:_identify(src/realsense-ros/realsense2_camera) by extension 'ros'
[0.132s] DEBUG:colcon.colcon_core.package_identification:Package 'src/realsense-ros/realsense2_camera' with type 'ros.ament_cmake' and name 'realsense2_camera'
[0.132s] Level 1:colcon.colcon_core.package_identification:_identify(src/realsense-ros/realsense2_camera_msgs) by extensions ['ignore', 'ignore_ament_install']
[0.133s] Level 1:colcon.colcon_core.package_identification:_identify(src/realsense-ros/realsense2_camera_msgs) by extension 'ignore'
[0.133s] Level 1:colcon.colcon_core.package_identification:_identify(src/realsense-ros/realsense2_camera_msgs) by extension 'ignore_ament_install'
[0.133s] Level 1:colcon.colcon_core.package_identification:_identify(src/realsense-ros/realsense2_camera_msgs) by extensions ['colcon_pkg']
[0.133s] Level 1:colcon.colcon_core.package_identification:_identify(src/realsense-ros/realsense2_camera_msgs) by extension 'colcon_pkg'
[0.133s] Level 1:colcon.colcon_core.package_identification:_identify(src/realsense-ros/realsense2_camera_msgs) by extensions ['colcon_meta']
[0.133s] Level 1:colcon.colcon_core.package_identification:_identify(src/realsense-ros/realsense2_camera_msgs) by extension 'colcon_meta'
[0.133s] Level 1:colcon.colcon_core.package_identification:_identify(src/realsense-ros/realsense2_camera_msgs) by extensions ['ros']
[0.133s] Level 1:colcon.colcon_core.package_identification:_identify(src/realsense-ros/realsense2_camera_msgs) by extension 'ros'
[0.133s] DEBUG:colcon.colcon_core.package_identification:Package 'src/realsense-ros/realsense2_camera_msgs' with type 'ros.ament_cmake' and name 'realsense2_camera_msgs'
[0.133s] Level 1:colcon.colcon_core.package_identification:_identify(src/realsense-ros/realsense2_description) by extensions ['ignore', 'ignore_ament_install']
[0.133s] Level 1:colcon.colcon_core.package_identification:_identify(src/realsense-ros/realsense2_description) by extension 'ignore'
[0.133s] Level 1:colcon.colcon_core.package_identification:_identify(src/realsense-ros/realsense2_description) by extension 'ignore_ament_install'
[0.133s] Level 1:colcon.colcon_core.package_identification:_identify(src/realsense-ros/realsense2_description) by extensions ['colcon_pkg']
[0.133s] Level 1:colcon.colcon_core.package_identification:_identify(src/realsense-ros/realsense2_description) by extension 'colcon_pkg'
[0.133s] Level 1:colcon.colcon_core.package_identification:_identify(src/realsense-ros/realsense2_description) by extensions ['colcon_meta']
[0.133s] Level 1:colcon.colcon_core.package_identification:_identify(src/realsense-ros/realsense2_description) by extension 'colcon_meta'
[0.133s] Level 1:colcon.colcon_core.package_identification:_identify(src/realsense-ros/realsense2_description) by extensions ['ros']
[0.133s] Level 1:colcon.colcon_core.package_identification:_identify(src/realsense-ros/realsense2_description) by extension 'ros'
[0.133s] DEBUG:colcon.colcon_core.package_identification:Package 'src/realsense-ros/realsense2_description' with type 'ros.ament_cmake' and name 'realsense2_description'
[0.134s] Level 1:colcon.colcon_core.package_identification:_identify(src/realsense-ros/scripts) by extensions ['ignore', 'ignore_ament_install']
[0.134s] Level 1:colcon.colcon_core.package_identification:_identify(src/realsense-ros/scripts) by extension 'ignore'
[0.134s] Level 1:colcon.colcon_core.package_identification:_identify(src/realsense-ros/scripts) by extension 'ignore_ament_install'
[0.134s] Level 1:colcon.colcon_core.package_identification:_identify(src/realsense-ros/scripts) by extensions ['colcon_pkg']
[0.134s] Level 1:colcon.colcon_core.package_identification:_identify(src/realsense-ros/scripts) by extension 'colcon_pkg'
[0.134s] Level 1:colcon.colcon_core.package_identification:_identify(src/realsense-ros/scripts) by extensions ['colcon_meta']
[0.134s] Level 1:colcon.colcon_core.package_identification:_identify(src/realsense-ros/scripts) by extension 'colcon_meta'
[0.134s] Level 1:colcon.colcon_core.package_identification:_identify(src/realsense-ros/scripts) by extensions ['ros']
[0.134s] Level 1:colcon.colcon_core.package_identification:_identify(src/realsense-ros/scripts) by extension 'ros'
[0.134s] Level 1:colcon.colcon_core.package_identification:_identify(src/realsense-ros/scripts) by extensions ['cmake', 'python']
[0.134s] Level 1:colcon.colcon_core.package_identification:_identify(src/realsense-ros/scripts) by extension 'cmake'
[0.134s] Level 1:colcon.colcon_core.package_identification:_identify(src/realsense-ros/scripts) by extension 'python'
[0.134s] Level 1:colcon.colcon_core.package_identification:_identify(src/realsense-ros/scripts) by extensions ['python_setup_py']
[0.134s] Level 1:colcon.colcon_core.package_identification:_identify(src/realsense-ros/scripts) by extension 'python_setup_py'
[0.134s] Level 1:colcon.colcon_core.package_identification:_identify(src/sensor_tools) by extensions ['ignore', 'ignore_ament_install']
[0.134s] Level 1:colcon.colcon_core.package_identification:_identify(src/sensor_tools) by extension 'ignore'
[0.134s] Level 1:colcon.colcon_core.package_identification:_identify(src/sensor_tools) by extension 'ignore_ament_install'
[0.134s] Level 1:colcon.colcon_core.package_identification:_identify(src/sensor_tools) by extensions ['colcon_pkg']
[0.134s] Level 1:colcon.colcon_core.package_identification:_identify(src/sensor_tools) by extension 'colcon_pkg'
[0.134s] Level 1:colcon.colcon_core.package_identification:_identify(src/sensor_tools) by extensions ['colcon_meta']
[0.134s] Level 1:colcon.colcon_core.package_identification:_identify(src/sensor_tools) by extension 'colcon_meta'
[0.134s] Level 1:colcon.colcon_core.package_identification:_identify(src/sensor_tools) by extensions ['ros']
[0.134s] Level 1:colcon.colcon_core.package_identification:_identify(src/sensor_tools) by extension 'ros'
[0.134s] DEBUG:colcon.colcon_core.package_identification:Package 'src/sensor_tools' with type 'ros.ament_cmake' and name 'sensor_tools'
[0.134s] Level 1:colcon.colcon_core.package_discovery:discover_packages(recursive) using defaults
[0.135s] Level 1:colcon.colcon_core.package_discovery:discover_packages(ignore) discover
[0.135s] Level 1:colcon.colcon_core.package_discovery:discover_packages(ignore) using defaults
[0.135s] Level 1:colcon.colcon_core.package_discovery:discover_packages(path) discover
[0.135s] Level 1:colcon.colcon_core.package_discovery:discover_packages(path) using defaults
[0.151s] INFO:colcon.colcon_core.package_selection:Skipping not selected package 'data_tools' in 'src/data_tools'
[0.151s] INFO:colcon.colcon_core.package_selection:Skipping not selected package 'piper' in 'src/PikaAnyArm/piper/piper_ros/src/piper'
[0.151s] INFO:colcon.colcon_core.package_selection:Skipping not selected package 'piper_description' in 'src/PikaAnyArm/piper/piper_ros/src/piper_description'
[0.151s] INFO:colcon.colcon_core.package_selection:Skipping not selected package 'piper_msgs' in 'src/PikaAnyArm/piper/piper_ros/src/piper_msgs'
[0.151s] INFO:colcon.colcon_core.package_selection:Skipping not selected package 'realsense2_camera_msgs' in 'src/realsense-ros/realsense2_camera_msgs'
[0.151s] INFO:colcon.colcon_core.package_selection:Skipping not selected package 'sensor_tools' in 'src/sensor_tools'
[0.151s] INFO:colcon.colcon_core.package_selection:Skipping not selected package 'pika_remote_piper' in 'src/PikaAnyArm/piper/pika_remote_piper'
[0.151s] INFO:colcon.colcon_core.package_selection:Skipping not selected package 'realsense2_camera' in 'src/realsense-ros/realsense2_camera'
[0.151s] INFO:colcon.colcon_core.package_selection:Skipping not selected package 'realsense2_description' in 'src/realsense-ros/realsense2_description'
[0.151s] Level 5:colcon.colcon_core.verb:set package 'data_msgs' build argument 'cmake_args' from command line to 'None'
[0.151s] Level 5:colcon.colcon_core.verb:set package 'data_msgs' build argument 'cmake_target' from command line to 'None'
[0.151s] Level 5:colcon.colcon_core.verb:set package 'data_msgs' build argument 'cmake_target_skip_unavailable' from command line to 'False'
[0.151s] Level 5:colcon.colcon_core.verb:set package 'data_msgs' build argument 'cmake_clean_cache' from command line to 'False'
[0.151s] Level 5:colcon.colcon_core.verb:set package 'data_msgs' build argument 'cmake_clean_first' from command line to 'False'
[0.151s] Level 5:colcon.colcon_core.verb:set package 'data_msgs' build argument 'cmake_force_configure' from command line to 'False'
[0.151s] Level 5:colcon.colcon_core.verb:set package 'data_msgs' build argument 'ament_cmake_args' from command line to 'None'
[0.151s] Level 5:colcon.colcon_core.verb:set package 'data_msgs' build argument 'catkin_cmake_args' from command line to 'None'
[0.151s] Level 5:colcon.colcon_core.verb:set package 'data_msgs' build argument 'catkin_skip_building_tests' from command line to 'False'
[0.151s] DEBUG:colcon.colcon_core.verb:Building package 'data_msgs' with the following arguments: {'ament_cmake_args': None, 'build_base': '/root/pika_ros/build_new/data_msgs', 'catkin_cmake_args': None, 'catkin_skip_building_tests': False, 'cmake_args': None, 'cmake_clean_cache': False, 'cmake_clean_first': False, 'cmake_force_configure': False, 'cmake_target': None, 'cmake_target_skip_unavailable': False, 'install_base': '/root/pika_ros/install_new/data_msgs', 'merge_install': False, 'path': '/root/pika_ros/src/data_msgs', 'symlink_install': True, 'test_result_base': None}
[0.151s] Level 5:colcon.colcon_core.verb:set package 'pika_custom_tools' build argument 'cmake_args' from command line to 'None'
[0.151s] Level 5:colcon.colcon_core.verb:set package 'pika_custom_tools' build argument 'cmake_target' from command line to 'None'
[0.151s] Level 5:colcon.colcon_core.verb:set package 'pika_custom_tools' build argument 'cmake_target_skip_unavailable' from command line to 'False'
[0.151s] Level 5:colcon.colcon_core.verb:set package 'pika_custom_tools' build argument 'cmake_clean_cache' from command line to 'False'
[0.151s] Level 5:colcon.colcon_core.verb:set package 'pika_custom_tools' build argument 'cmake_clean_first' from command line to 'False'
[0.151s] Level 5:colcon.colcon_core.verb:set package 'pika_custom_tools' build argument 'cmake_force_configure' from command line to 'False'
[0.151s] Level 5:colcon.colcon_core.verb:set package 'pika_custom_tools' build argument 'ament_cmake_args' from command line to 'None'
[0.151s] Level 5:colcon.colcon_core.verb:set package 'pika_custom_tools' build argument 'catkin_cmake_args' from command line to 'None'
[0.151s] Level 5:colcon.colcon_core.verb:set package 'pika_custom_tools' build argument 'catkin_skip_building_tests' from command line to 'False'
[0.151s] DEBUG:colcon.colcon_core.verb:Building package 'pika_custom_tools' with the following arguments: {'ament_cmake_args': None, 'build_base': '/root/pika_ros/build_new/pika_custom_tools', 'catkin_cmake_args': None, 'catkin_skip_building_tests': False, 'cmake_args': None, 'cmake_clean_cache': False, 'cmake_clean_first': False, 'cmake_force_configure': False, 'cmake_target': None, 'cmake_target_skip_unavailable': False, 'install_base': '/root/pika_ros/install_new/pika_custom_tools', 'merge_install': False, 'path': '/root/pika_ros/src/pika_custom_tools', 'symlink_install': True, 'test_result_base': None}
[0.151s] INFO:colcon.colcon_core.executor:Executing jobs using 'parallel' executor
[0.152s] DEBUG:colcon.colcon_parallel_executor.executor.parallel:run_until_complete
[0.152s] INFO:colcon.colcon_ros.task.ament_cmake.build:Building ROS package in '/root/pika_ros/src/data_msgs' with build type 'ament_cmake'
[0.152s] INFO:colcon.colcon_cmake.task.cmake.build:Building CMake package in '/root/pika_ros/src/data_msgs'
[0.153s] INFO:colcon.colcon_core.plugin_system:Skipping extension 'colcon_core.shell.bat': Not used on non-Windows systems
[0.153s] INFO:colcon.colcon_core.shell:Skip shell extension 'powershell' for command environment: Not usable outside of PowerShell
[0.153s] DEBUG:colcon.colcon_core.shell:Skip shell extension 'dsv' for command environment
[0.158s] DEBUG:colcon.colcon_core.event_handler.log_command:Invoking command in '/root/pika_ros/build_new/data_msgs': CMAKE_PREFIX_PATH=${CMAKE_PREFIX_PATH}:/root/pika_ros/install_new/pika_custom_tools:/root/pika_ros/install/piper:/opt/ros/humble /usr/bin/cmake /root/pika_ros/src/data_msgs -DAMENT_CMAKE_SYMLINK_INSTALL=1 -DCMAKE_INSTALL_PREFIX=/root/pika_ros/install_new/data_msgs
[1.135s] DEBUG:colcon.colcon_core.event_handler.log_command:Invoked command in '/root/pika_ros/build_new/data_msgs' returned '0': CMAKE_PREFIX_PATH=${CMAKE_PREFIX_PATH}:/root/pika_ros/install_new/pika_custom_tools:/root/pika_ros/install/piper:/opt/ros/humble /usr/bin/cmake /root/pika_ros/src/data_msgs -DAMENT_CMAKE_SYMLINK_INSTALL=1 -DCMAKE_INSTALL_PREFIX=/root/pika_ros/install_new/data_msgs
[1.135s] DEBUG:colcon.colcon_core.event_handler.log_command:Invoking command in '/root/pika_ros/build_new/data_msgs': CMAKE_PREFIX_PATH=${CMAKE_PREFIX_PATH}:/root/pika_ros/install_new/pika_custom_tools:/root/pika_ros/install/piper:/opt/ros/humble /usr/bin/cmake --build /root/pika_ros/build_new/data_msgs -- -j24 -l24
[2.437s] DEBUG:colcon.colcon_core.event_handler.log_command:Invoked command in '/root/pika_ros/build_new/data_msgs' returned '0': CMAKE_PREFIX_PATH=${CMAKE_PREFIX_PATH}:/root/pika_ros/install_new/pika_custom_tools:/root/pika_ros/install/piper:/opt/ros/humble /usr/bin/cmake --build /root/pika_ros/build_new/data_msgs -- -j24 -l24
[2.441s] DEBUG:colcon.colcon_core.event_handler.log_command:Invoking command in '/root/pika_ros/build_new/data_msgs': CMAKE_PREFIX_PATH=${CMAKE_PREFIX_PATH}:/root/pika_ros/install_new/pika_custom_tools:/root/pika_ros/install/piper:/opt/ros/humble /usr/bin/cmake --install /root/pika_ros/build_new/data_msgs
[2.921s] Level 1:colcon.colcon_core.environment:create_environment_scripts_only(data_msgs)
[2.921s] DEBUG:colcon.colcon_core.event_handler.log_command:Invoked command in '/root/pika_ros/build_new/data_msgs' returned '0': CMAKE_PREFIX_PATH=${CMAKE_PREFIX_PATH}:/root/pika_ros/install_new/pika_custom_tools:/root/pika_ros/install/piper:/opt/ros/humble /usr/bin/cmake --install /root/pika_ros/build_new/data_msgs
[2.922s] Level 1:colcon.colcon_core.environment:checking '/root/pika_ros/install_new/data_msgs' for CMake module files
[2.922s] Level 1:colcon.colcon_core.environment:checking '/root/pika_ros/install_new/data_msgs' for CMake config files
[2.922s] Level 1:colcon.colcon_core.shell:create_environment_hook('data_msgs', 'cmake_prefix_path')
[2.922s] INFO:colcon.colcon_core.shell:Creating environment hook '/root/pika_ros/install_new/data_msgs/share/data_msgs/hook/cmake_prefix_path.ps1'
[2.923s] INFO:colcon.colcon_core.shell:Creating environment descriptor '/root/pika_ros/install_new/data_msgs/share/data_msgs/hook/cmake_prefix_path.dsv'
[2.923s] INFO:colcon.colcon_core.shell:Creating environment hook '/root/pika_ros/install_new/data_msgs/share/data_msgs/hook/cmake_prefix_path.sh'
[2.923s] Level 1:colcon.colcon_core.environment:checking '/root/pika_ros/install_new/data_msgs/lib'
[2.923s] Level 1:colcon.colcon_core.shell:create_environment_hook('data_msgs', 'ld_library_path_lib')
[2.923s] INFO:colcon.colcon_core.shell:Creating environment hook '/root/pika_ros/install_new/data_msgs/share/data_msgs/hook/ld_library_path_lib.ps1'
[2.924s] INFO:colcon.colcon_core.shell:Creating environment descriptor '/root/pika_ros/install_new/data_msgs/share/data_msgs/hook/ld_library_path_lib.dsv'
[2.924s] INFO:colcon.colcon_core.shell:Creating environment hook '/root/pika_ros/install_new/data_msgs/share/data_msgs/hook/ld_library_path_lib.sh'
[2.924s] Level 1:colcon.colcon_core.environment:checking '/root/pika_ros/install_new/data_msgs/bin'
[2.924s] Level 1:colcon.colcon_core.environment:checking '/root/pika_ros/install_new/data_msgs/lib/pkgconfig/data_msgs.pc'
[2.925s] Level 1:colcon.colcon_core.environment:checking '/root/pika_ros/install_new/data_msgs/lib/python3.10/site-packages'
[2.925s] Level 1:colcon.colcon_core.environment:checking '/root/pika_ros/install_new/data_msgs/bin'
[2.925s] INFO:colcon.colcon_core.shell:Creating package script '/root/pika_ros/install_new/data_msgs/share/data_msgs/package.ps1'
[2.925s] INFO:colcon.colcon_core.shell:Creating package descriptor '/root/pika_ros/install_new/data_msgs/share/data_msgs/package.dsv'
[2.925s] INFO:colcon.colcon_core.shell:Creating package script '/root/pika_ros/install_new/data_msgs/share/data_msgs/package.sh'
[2.926s] INFO:colcon.colcon_core.shell:Creating package script '/root/pika_ros/install_new/data_msgs/share/data_msgs/package.bash'
[2.926s] INFO:colcon.colcon_core.shell:Creating package script '/root/pika_ros/install_new/data_msgs/share/data_msgs/package.zsh'
[2.926s] Level 1:colcon.colcon_core.environment:create_file_with_runtime_dependencies(/root/pika_ros/install_new/data_msgs/share/colcon-core/packages/data_msgs)
[2.926s] Level 1:colcon.colcon_core.environment:create_environment_scripts_only(data_msgs)
[2.926s] Level 1:colcon.colcon_core.environment:checking '/root/pika_ros/install_new/data_msgs' for CMake module files
[2.927s] Level 1:colcon.colcon_core.environment:checking '/root/pika_ros/install_new/data_msgs' for CMake config files
[2.927s] Level 1:colcon.colcon_core.shell:create_environment_hook('data_msgs', 'cmake_prefix_path')
[2.927s] INFO:colcon.colcon_core.shell:Creating environment hook '/root/pika_ros/install_new/data_msgs/share/data_msgs/hook/cmake_prefix_path.ps1'
[2.927s] INFO:colcon.colcon_core.shell:Creating environment descriptor '/root/pika_ros/install_new/data_msgs/share/data_msgs/hook/cmake_prefix_path.dsv'
[2.927s] INFO:colcon.colcon_core.shell:Creating environment hook '/root/pika_ros/install_new/data_msgs/share/data_msgs/hook/cmake_prefix_path.sh'
[2.927s] Level 1:colcon.colcon_core.environment:checking '/root/pika_ros/install_new/data_msgs/lib'
[2.927s] Level 1:colcon.colcon_core.shell:create_environment_hook('data_msgs', 'ld_library_path_lib')
[2.927s] INFO:colcon.colcon_core.shell:Creating environment hook '/root/pika_ros/install_new/data_msgs/share/data_msgs/hook/ld_library_path_lib.ps1'
[2.928s] INFO:colcon.colcon_core.shell:Creating environment descriptor '/root/pika_ros/install_new/data_msgs/share/data_msgs/hook/ld_library_path_lib.dsv'
[2.928s] INFO:colcon.colcon_core.shell:Creating environment hook '/root/pika_ros/install_new/data_msgs/share/data_msgs/hook/ld_library_path_lib.sh'
[2.928s] Level 1:colcon.colcon_core.environment:checking '/root/pika_ros/install_new/data_msgs/bin'
[2.928s] Level 1:colcon.colcon_core.environment:checking '/root/pika_ros/install_new/data_msgs/lib/pkgconfig/data_msgs.pc'
[2.928s] Level 1:colcon.colcon_core.environment:checking '/root/pika_ros/install_new/data_msgs/lib/python3.10/site-packages'
[2.928s] Level 1:colcon.colcon_core.environment:checking '/root/pika_ros/install_new/data_msgs/bin'
[2.928s] INFO:colcon.colcon_core.shell:Creating package script '/root/pika_ros/install_new/data_msgs/share/data_msgs/package.ps1'
[2.928s] INFO:colcon.colcon_core.shell:Creating package descriptor '/root/pika_ros/install_new/data_msgs/share/data_msgs/package.dsv'
[2.928s] INFO:colcon.colcon_core.shell:Creating package script '/root/pika_ros/install_new/data_msgs/share/data_msgs/package.sh'
[2.929s] INFO:colcon.colcon_core.shell:Creating package script '/root/pika_ros/install_new/data_msgs/share/data_msgs/package.bash'
[2.929s] INFO:colcon.colcon_core.shell:Creating package script '/root/pika_ros/install_new/data_msgs/share/data_msgs/package.zsh'
[2.929s] Level 1:colcon.colcon_core.environment:create_file_with_runtime_dependencies(/root/pika_ros/install_new/data_msgs/share/colcon-core/packages/data_msgs)
[2.929s] INFO:colcon.colcon_ros.task.ament_python.build:Building ROS package in '/root/pika_ros/src/pika_custom_tools' with build type 'ament_python'
[2.929s] Level 1:colcon.colcon_core.shell:create_environment_hook('pika_custom_tools', 'ament_prefix_path')
[2.929s] INFO:colcon.colcon_core.shell:Creating environment hook '/root/pika_ros/install_new/pika_custom_tools/share/pika_custom_tools/hook/ament_prefix_path.ps1'
[2.929s] INFO:colcon.colcon_core.shell:Creating environment descriptor '/root/pika_ros/install_new/pika_custom_tools/share/pika_custom_tools/hook/ament_prefix_path.dsv'
[2.930s] INFO:colcon.colcon_core.shell:Creating environment hook '/root/pika_ros/install_new/pika_custom_tools/share/pika_custom_tools/hook/ament_prefix_path.sh'
[2.930s] INFO:colcon.colcon_core.shell:Skip shell extension 'powershell' for command environment: Not usable outside of PowerShell
[2.930s] DEBUG:colcon.colcon_core.shell:Skip shell extension 'dsv' for command environment
[3.015s] INFO:colcon.colcon_core.task.python.build:Building Python package in '/root/pika_ros/src/pika_custom_tools'
[3.015s] INFO:colcon.colcon_core.shell:Skip shell extension 'powershell' for command environment: Not usable outside of PowerShell
[3.015s] DEBUG:colcon.colcon_core.shell:Skip shell extension 'dsv' for command environment
[3.147s] DEBUG:colcon.colcon_core.event_handler.log_command:Invoking command in '/root/pika_ros/build_new/pika_custom_tools': AMENT_PREFIX_PATH=/root/pika_ros/install_new/data_msgs:${AMENT_PREFIX_PATH} CMAKE_PREFIX_PATH=/root/pika_ros/install_new/data_msgs:${CMAKE_PREFIX_PATH} LD_LIBRARY_PATH=/root/pika_ros/install_new/data_msgs/lib:${LD_LIBRARY_PATH} PYTHONPATH=/root/pika_ros/build_new/pika_custom_tools/prefix_override:/usr/lib/python3/dist-packages/colcon_core/task/python/colcon_distutils_commands:/root/pika_ros/install_new/pika_custom_tools/lib/python3.10/site-packages:/root/pika_ros/install_new/data_msgs/local/lib/python3.10/dist-packages:${PYTHONPATH} /usr/bin/python3 -W ignore:setup.py install is deprecated -W ignore:easy_install command is deprecated setup.py develop --editable --build-directory /root/pika_ros/build_new/pika_custom_tools/build --no-deps symlink_data
[3.286s] Level 1:colcon.colcon_core.shell:create_environment_hook('pika_custom_tools', 'pythonpath_develop')
[3.286s] INFO:colcon.colcon_core.shell:Creating environment hook '/root/pika_ros/build_new/pika_custom_tools/share/pika_custom_tools/hook/pythonpath_develop.ps1'
[3.286s] DEBUG:colcon.colcon_core.event_handler.log_command:Invoked command in '/root/pika_ros/build_new/pika_custom_tools' returned '0': AMENT_PREFIX_PATH=/root/pika_ros/install_new/data_msgs:${AMENT_PREFIX_PATH} CMAKE_PREFIX_PATH=/root/pika_ros/install_new/data_msgs:${CMAKE_PREFIX_PATH} LD_LIBRARY_PATH=/root/pika_ros/install_new/data_msgs/lib:${LD_LIBRARY_PATH} PYTHONPATH=/root/pika_ros/build_new/pika_custom_tools/prefix_override:/usr/lib/python3/dist-packages/colcon_core/task/python/colcon_distutils_commands:/root/pika_ros/install_new/pika_custom_tools/lib/python3.10/site-packages:/root/pika_ros/install_new/data_msgs/local/lib/python3.10/dist-packages:${PYTHONPATH} /usr/bin/python3 -W ignore:setup.py install is deprecated -W ignore:easy_install command is deprecated setup.py develop --editable --build-directory /root/pika_ros/build_new/pika_custom_tools/build --no-deps symlink_data
[3.287s] INFO:colcon.colcon_core.shell:Creating environment descriptor '/root/pika_ros/build_new/pika_custom_tools/share/pika_custom_tools/hook/pythonpath_develop.dsv'
[3.287s] INFO:colcon.colcon_core.shell:Creating environment hook '/root/pika_ros/build_new/pika_custom_tools/share/pika_custom_tools/hook/pythonpath_develop.sh'
[3.287s] Level 1:colcon.colcon_core.environment:checking '/root/pika_ros/install_new/pika_custom_tools' for CMake module files
[3.287s] Level 1:colcon.colcon_core.environment:checking '/root/pika_ros/install_new/pika_custom_tools' for CMake config files
[3.287s] Level 1:colcon.colcon_core.environment:checking '/root/pika_ros/install_new/pika_custom_tools/lib'
[3.287s] Level 1:colcon.colcon_core.environment:checking '/root/pika_ros/install_new/pika_custom_tools/bin'
[3.287s] Level 1:colcon.colcon_core.environment:checking '/root/pika_ros/install_new/pika_custom_tools/lib/pkgconfig/pika_custom_tools.pc'
[3.287s] Level 1:colcon.colcon_core.environment:checking '/root/pika_ros/install_new/pika_custom_tools/lib/python3.10/site-packages'
[3.287s] Level 1:colcon.colcon_core.shell:create_environment_hook('pika_custom_tools', 'pythonpath')
[3.288s] INFO:colcon.colcon_core.shell:Creating environment hook '/root/pika_ros/install_new/pika_custom_tools/share/pika_custom_tools/hook/pythonpath.ps1'
[3.288s] INFO:colcon.colcon_core.shell:Creating environment descriptor '/root/pika_ros/install_new/pika_custom_tools/share/pika_custom_tools/hook/pythonpath.dsv'
[3.288s] INFO:colcon.colcon_core.shell:Creating environment hook '/root/pika_ros/install_new/pika_custom_tools/share/pika_custom_tools/hook/pythonpath.sh'
[3.288s] Level 1:colcon.colcon_core.environment:checking '/root/pika_ros/install_new/pika_custom_tools/bin'
[3.288s] Level 1:colcon.colcon_core.environment:create_environment_scripts_only(pika_custom_tools)
[3.288s] INFO:colcon.colcon_core.shell:Creating package script '/root/pika_ros/install_new/pika_custom_tools/share/pika_custom_tools/package.ps1'
[3.288s] INFO:colcon.colcon_core.shell:Creating package descriptor '/root/pika_ros/install_new/pika_custom_tools/share/pika_custom_tools/package.dsv'
[3.289s] INFO:colcon.colcon_core.shell:Creating package script '/root/pika_ros/install_new/pika_custom_tools/share/pika_custom_tools/package.sh'
[3.289s] INFO:colcon.colcon_core.shell:Creating package script '/root/pika_ros/install_new/pika_custom_tools/share/pika_custom_tools/package.bash'
[3.289s] INFO:colcon.colcon_core.shell:Creating package script '/root/pika_ros/install_new/pika_custom_tools/share/pika_custom_tools/package.zsh'
[3.289s] Level 1:colcon.colcon_core.environment:create_file_with_runtime_dependencies(/root/pika_ros/install_new/pika_custom_tools/share/colcon-core/packages/pika_custom_tools)
[3.289s] DEBUG:colcon.colcon_parallel_executor.executor.parallel:closing loop
[3.289s] DEBUG:colcon.colcon_parallel_executor.executor.parallel:loop closed
[3.289s] DEBUG:colcon.colcon_parallel_executor.executor.parallel:run_until_complete finished with '0'
[3.289s] DEBUG:colcon.colcon_core.event_reactor:joining thread
[3.291s] INFO:colcon.colcon_core.plugin_system:Skipping extension 'colcon_notification.desktop_notification.notify_send': Could not find 'notify-send'
[3.292s] INFO:colcon.colcon_core.plugin_system:Skipping extension 'colcon_notification.desktop_notification.terminal_notifier': Not used on non-Darwin systems
[3.292s] INFO:colcon.colcon_core.plugin_system:Skipping extension 'colcon_notification.desktop_notification.win32': Not used on non-Windows systems
[3.292s] INFO:colcon.colcon_notification.desktop_notification:Sending desktop notification using 'notify2'
[3.293s] DEBUG:colcon.colcon_notification.desktop_notification.notify2:Failed to initialize notify2: org.freedesktop.DBus.Error.Spawn.ExecFailed: /usr/bin/dbus-launch terminated abnormally without any error message
[3.293s] DEBUG:colcon.colcon_core.event_reactor:joined thread
[3.293s] INFO:colcon.colcon_core.shell:Creating prefix script '/root/pika_ros/install_new/local_setup.ps1'
[3.294s] INFO:colcon.colcon_core.shell:Creating prefix util module '/root/pika_ros/install_new/_local_setup_util_ps1.py'
[3.294s] INFO:colcon.colcon_core.shell:Creating prefix chain script '/root/pika_ros/install_new/setup.ps1'
[3.295s] INFO:colcon.colcon_core.shell:Creating prefix script '/root/pika_ros/install_new/local_setup.sh'
[3.295s] INFO:colcon.colcon_core.shell:Creating prefix util module '/root/pika_ros/install_new/_local_setup_util_sh.py'
[3.295s] INFO:colcon.colcon_core.shell:Creating prefix chain script '/root/pika_ros/install_new/setup.sh'
[3.296s] INFO:colcon.colcon_core.shell:Creating prefix script '/root/pika_ros/install_new/local_setup.bash'
[3.296s] INFO:colcon.colcon_core.shell:Creating prefix chain script '/root/pika_ros/install_new/setup.bash'
[3.296s] INFO:colcon.colcon_core.shell:Creating prefix script '/root/pika_ros/install_new/local_setup.zsh'
[3.297s] INFO:colcon.colcon_core.shell:Creating prefix chain script '/root/pika_ros/install_new/setup.zsh'
