[0.254s] Invoking command in '/root/pika_ros/build_new/pika_custom_tools': PYTHONPATH=/root/pika_ros/build_new/pika_custom_tools/prefix_override:/usr/lib/python3/dist-packages/colcon_core/task/python/colcon_distutils_commands:/root/pika_ros/install_new/pika_custom_tools/lib/python3.10/site-packages:${PYTHONPATH} /usr/bin/python3 -W ignore:setup.py install is deprecated -W ignore:easy_install command is deprecated setup.py develop --editable --build-directory /root/pika_ros/build_new/pika_custom_tools/build --no-deps symlink_data
[0.333s] running develop
[0.362s] running egg_info
[0.362s] creating pika_custom_tools.egg-info
[0.363s] writing pika_custom_tools.egg-info/PKG-INFO
[0.363s] writing dependency_links to pika_custom_tools.egg-info/dependency_links.txt
[0.363s] writing entry points to pika_custom_tools.egg-info/entry_points.txt
[0.363s] writing requirements to pika_custom_tools.egg-info/requires.txt
[0.363s] writing top-level names to pika_custom_tools.egg-info/top_level.txt
[0.363s] writing manifest file 'pika_custom_tools.egg-info/SOURCES.txt'
[0.363s] reading manifest file 'pika_custom_tools.egg-info/SOURCES.txt'
[0.363s] writing manifest file 'pika_custom_tools.egg-info/SOURCES.txt'
[0.376s] running build_ext
[0.376s] Creating /root/pika_ros/install_new/pika_custom_tools/lib/python3.10/site-packages/pika-custom-tools.egg-link (link to .)
[0.377s] Installing pika_custom_tools script to /root/pika_ros/install_new/pika_custom_tools/lib/pika_custom_tools
[0.377s] 
[0.377s] Installed /root/pika_ros/build_new/pika_custom_tools
[0.377s] running symlink_data
[0.377s] creating /root/pika_ros/install_new/pika_custom_tools/share/ament_index
[0.377s] creating /root/pika_ros/install_new/pika_custom_tools/share/ament_index/resource_index
[0.377s] creating /root/pika_ros/install_new/pika_custom_tools/share/ament_index/resource_index/packages
[0.377s] symbolically linking /root/pika_ros/build_new/pika_custom_tools/resource/pika_custom_tools -> /root/pika_ros/install_new/pika_custom_tools/share/ament_index/resource_index/packages
[0.377s] symbolically linking /root/pika_ros/build_new/pika_custom_tools/package.xml -> /root/pika_ros/install_new/pika_custom_tools/share/pika_custom_tools
[0.388s] Invoked command in '/root/pika_ros/build_new/pika_custom_tools' returned '0': PYTHONPATH=/root/pika_ros/build_new/pika_custom_tools/prefix_override:/usr/lib/python3/dist-packages/colcon_core/task/python/colcon_distutils_commands:/root/pika_ros/install_new/pika_custom_tools/lib/python3.10/site-packages:${PYTHONPATH} /usr/bin/python3 -W ignore:setup.py install is deprecated -W ignore:easy_install command is deprecated setup.py develop --editable --build-directory /root/pika_ros/build_new/pika_custom_tools/build --no-deps symlink_data
